07:55:23:851 [main] DEBUG org.apache.poi.openxml4j.opc.PackageRelationshipCollection - Parsing relationship: /xl/_rels/workbook.xml.rels
07:55:23:858 [main] DEBUG org.apache.poi.openxml4j.opc.PackageRelationshipCollection - Parsing relationship: /xl/worksheets/_rels/sheet1.xml.rels
07:55:23:859 [main] DEBUG org.apache.poi.openxml4j.opc.PackageRelationshipCollection - Parsing relationship: /_rels/.rels
07:55:23:874 [main] DEBUG org.apache.poi.ooxml.POIXMLFactory - using default POIXMLDocumentPart for http://schemas.openxmlformats.org/officeDocument/2006/relationships/printerSettings
07:55:23:894 [main] DEBUG org.apache.poi.openxml4j.opc.PackageRelationshipCollection - Parsing relationship: /xl/_rels/workbook.xml.rels
07:55:23:897 [main] DEBUG org.apache.poi.openxml4j.opc.PackageRelationshipCollection - Parsing relationship: /xl/worksheets/_rels/sheet1.xml.rels
07:55:23:899 [main] DEBUG org.apache.poi.openxml4j.opc.PackageRelationshipCollection - Parsing relationship: /_rels/.rels
07:55:23:915 [main] DEBUG org.apache.poi.ooxml.POIXMLFactory - using default POIXMLDocumentPart for http://schemas.openxmlformats.org/officeDocument/2006/relationships/printerSettings
07:55:23:936 [main] DEBUG org.apache.poi.openxml4j.opc.PackageRelationshipCollection - Parsing relationship: /xl/_rels/workbook.xml.rels
07:55:23:937 [main] DEBUG org.apache.poi.openxml4j.opc.PackageRelationshipCollection - Parsing relationship: /xl/worksheets/_rels/sheet1.xml.rels
07:55:23:939 [main] DEBUG org.apache.poi.openxml4j.opc.PackageRelationshipCollection - Parsing relationship: /_rels/.rels
07:55:23:955 [main] DEBUG org.apache.poi.ooxml.POIXMLFactory - using default POIXMLDocumentPart for http://schemas.openxmlformats.org/officeDocument/2006/relationships/printerSettings
07:55:23:976 [main] DEBUG org.apache.poi.openxml4j.opc.PackageRelationshipCollection - Parsing relationship: /xl/_rels/workbook.xml.rels
07:55:23:978 [main] DEBUG org.apache.poi.openxml4j.opc.PackageRelationshipCollection - Parsing relationship: /xl/worksheets/_rels/sheet1.xml.rels
07:55:23:980 [main] DEBUG org.apache.poi.openxml4j.opc.PackageRelationshipCollection - Parsing relationship: /_rels/.rels
07:55:24:022 [main] DEBUG org.apache.poi.ooxml.POIXMLFactory - using default POIXMLDocumentPart for http://schemas.openxmlformats.org/officeDocument/2006/relationships/printerSettings
07:55:24:050 [main] DEBUG org.apache.poi.openxml4j.opc.PackageRelationshipCollection - Parsing relationship: /xl/_rels/workbook.xml.rels
07:55:24:052 [main] DEBUG org.apache.poi.openxml4j.opc.PackageRelationshipCollection - Parsing relationship: /xl/worksheets/_rels/sheet1.xml.rels
07:55:24:054 [main] DEBUG org.apache.poi.openxml4j.opc.PackageRelationshipCollection - Parsing relationship: /_rels/.rels
07:55:24:094 [main] DEBUG org.apache.poi.ooxml.POIXMLFactory - using default POIXMLDocumentPart for http://schemas.openxmlformats.org/officeDocument/2006/relationships/printerSettings
07:55:24:112 [main] DEBUG org.apache.poi.openxml4j.opc.PackageRelationshipCollection - Parsing relationship: /xl/_rels/workbook.xml.rels
07:55:24:113 [main] DEBUG org.apache.poi.openxml4j.opc.PackageRelationshipCollection - Parsing relationship: /xl/worksheets/_rels/sheet1.xml.rels
07:55:24:115 [main] DEBUG org.apache.poi.openxml4j.opc.PackageRelationshipCollection - Parsing relationship: /_rels/.rels
07:55:24:129 [main] DEBUG org.apache.poi.ooxml.POIXMLFactory - using default POIXMLDocumentPart for http://schemas.openxmlformats.org/officeDocument/2006/relationships/printerSettings
07:55:24:149 [main] DEBUG org.apache.poi.openxml4j.opc.PackageRelationshipCollection - Parsing relationship: /xl/_rels/workbook.xml.rels
07:55:24:150 [main] DEBUG org.apache.poi.openxml4j.opc.PackageRelationshipCollection - Parsing relationship: /xl/worksheets/_rels/sheet1.xml.rels
07:55:24:152 [main] DEBUG org.apache.poi.openxml4j.opc.PackageRelationshipCollection - Parsing relationship: /_rels/.rels
07:55:24:164 [main] DEBUG org.apache.poi.ooxml.POIXMLFactory - using default POIXMLDocumentPart for http://schemas.openxmlformats.org/officeDocument/2006/relationships/printerSettings
07:55:24:274 [main] DEBUG org.apache.poi.openxml4j.opc.PackageRelationshipCollection - Parsing relationship: /xl/_rels/workbook.xml.rels
07:55:24:277 [main] DEBUG org.apache.poi.openxml4j.opc.PackageRelationshipCollection - Parsing relationship: /xl/worksheets/_rels/sheet1.xml.rels
07:55:24:283 [main] DEBUG org.apache.poi.openxml4j.opc.PackageRelationshipCollection - Parsing relationship: /_rels/.rels
07:55:24:334 [main] DEBUG org.apache.poi.ooxml.POIXMLFactory - using default POIXMLDocumentPart for http://schemas.openxmlformats.org/officeDocument/2006/relationships/printerSettings
07:55:24:363 [main] DEBUG org.apache.poi.openxml4j.opc.PackageRelationshipCollection - Parsing relationship: /xl/_rels/workbook.xml.rels
07:55:24:365 [main] DEBUG org.apache.poi.openxml4j.opc.PackageRelationshipCollection - Parsing relationship: /xl/worksheets/_rels/sheet1.xml.rels
07:55:24:367 [main] DEBUG org.apache.poi.openxml4j.opc.PackageRelationshipCollection - Parsing relationship: /_rels/.rels
07:55:24:403 [main] DEBUG org.apache.poi.ooxml.POIXMLFactory - using default POIXMLDocumentPart for http://schemas.openxmlformats.org/officeDocument/2006/relationships/printerSettings
07:55:24:450 [main] DEBUG org.apache.poi.openxml4j.opc.PackageRelationshipCollection - Parsing relationship: /xl/_rels/workbook.xml.rels
07:55:24:452 [main] DEBUG org.apache.poi.openxml4j.opc.PackageRelationshipCollection - Parsing relationship: /xl/worksheets/_rels/sheet1.xml.rels
07:55:24:453 [main] DEBUG org.apache.poi.openxml4j.opc.PackageRelationshipCollection - Parsing relationship: /_rels/.rels
07:55:24:474 [main] DEBUG org.apache.poi.ooxml.POIXMLFactory - using default POIXMLDocumentPart for http://schemas.openxmlformats.org/officeDocument/2006/relationships/printerSettings
07:55:24:537 [main] DEBUG org.apache.poi.openxml4j.opc.PackageRelationshipCollection - Parsing relationship: /xl/_rels/workbook.xml.rels
07:55:24:539 [main] DEBUG org.apache.poi.openxml4j.opc.PackageRelationshipCollection - Parsing relationship: /xl/worksheets/_rels/sheet1.xml.rels
07:55:24:542 [main] DEBUG org.apache.poi.openxml4j.opc.PackageRelationshipCollection - Parsing relationship: /_rels/.rels
07:55:24:564 [main] DEBUG org.apache.poi.ooxml.POIXMLFactory - using default POIXMLDocumentPart for http://schemas.openxmlformats.org/officeDocument/2006/relationships/printerSettings
07:55:24:604 [main] DEBUG org.apache.poi.openxml4j.opc.PackageRelationshipCollection - Parsing relationship: /xl/_rels/workbook.xml.rels
07:55:24:607 [main] DEBUG org.apache.poi.openxml4j.opc.PackageRelationshipCollection - Parsing relationship: /xl/worksheets/_rels/sheet1.xml.rels
07:55:24:609 [main] DEBUG org.apache.poi.openxml4j.opc.PackageRelationshipCollection - Parsing relationship: /_rels/.rels
07:55:24:631 [main] DEBUG org.apache.poi.ooxml.POIXMLFactory - using default POIXMLDocumentPart for http://schemas.openxmlformats.org/officeDocument/2006/relationships/printerSettings
07:55:24:688 [main] INFO  testCases.TC003_LoginDDT - ********* Starting TC003_LoginDDT *********
07:55:28:234 [main] INFO  testCases.TC003_LoginDDT - ********* Finished TC003_LoginDDT *********
07:55:28:269 [main] INFO  testCases.TC003_LoginDDT - ********* Starting TC003_LoginDDT *********
07:55:31:040 [main] INFO  testCases.TC003_LoginDDT - ********* Finished TC003_LoginDDT *********
07:55:31:070 [main] INFO  testCases.TC003_LoginDDT - ********* Starting TC003_LoginDDT *********
07:55:34:288 [main] INFO  testCases.TC003_LoginDDT - ********* Starting TC003_LoginDDT *********
07:55:46:468 [main] INFO  testCases.TC003_LoginDDT - ********* Finished TC003_LoginDDT *********
07:55:46:496 [main] INFO  testCases.TC003_LoginDDT - ********* Starting TC003_LoginDDT *********
07:55:50:630 [main] INFO  testCases.TC003_LoginDDT - ********* Finished TC003_LoginDDT *********
07:56:29:084 [main] DEBUG org.testng.TestNG - suiteXmlPath: "C:\Java Selenium Workspace\OpencartV121\grouping.xml"
07:56:29:623 [main] INFO  org.testng.internal.Utils - [TestNG] Running:
  C:\Java Selenium Workspace\OpencartV121\grouping.xml

07:56:34:926 [main] INFO  testCases.TC001_AccountRegistrationTest - ***** Starting TC001_AccountRegistrationTest ******
07:56:35:190 [main] INFO  testCases.TC001_AccountRegistrationTest - Clicked on MyAccount Link 
07:56:36:043 [main] INFO  testCases.TC001_AccountRegistrationTest - Clicked on Register Link 
07:56:36:048 [main] INFO  testCases.TC001_AccountRegistrationTest - Providing customer details....
07:56:39:012 [main] INFO  testCases.TC001_AccountRegistrationTest - Validating exepected message...
07:56:39:073 [main] INFO  testCases.TC001_AccountRegistrationTest - ***** Finished TC001_AccountRegistrationTest ******
07:56:45:399 [main] INFO  testCases.TC002_LoginTest - ******* Starting TC002_LoginTest *******
07:56:47:776 [main] INFO  testCases.TC002_LoginTest - ******* Finished TC002_LoginTest *******
08:05:24:113 [main] DEBUG org.testng.TestNG - suiteXmlPath: "C:\Java Selenium Workspace\OpencartV121\grouping.xml"
08:05:24:577 [main] INFO  org.testng.internal.Utils - [TestNG] Running:
  C:\Java Selenium Workspace\OpencartV121\grouping.xml

08:05:30:054 [main] INFO  testCases.TC001_AccountRegistrationTest - ***** Starting TC001_AccountRegistrationTest ******
08:05:30:279 [main] INFO  testCases.TC001_AccountRegistrationTest - Clicked on MyAccount Link 
08:05:31:050 [main] INFO  testCases.TC001_AccountRegistrationTest - Clicked on Register Link 
08:05:31:057 [main] INFO  testCases.TC001_AccountRegistrationTest - Providing customer details....
08:05:34:201 [main] INFO  testCases.TC001_AccountRegistrationTest - Validating exepected message...
08:05:34:255 [main] ERROR testCases.TC001_AccountRegistrationTest - Test Failed..
08:05:34:255 [main] DEBUG testCases.TC001_AccountRegistrationTest - Debug Logs..
08:05:41:243 [main] INFO  testCases.TC002_LoginTest - ******* Starting TC002_LoginTest *******
08:05:43:832 [main] INFO  testCases.TC002_LoginTest - ******* Finished TC002_LoginTest *******
08:06:51:258 [main] DEBUG org.testng.TestNG - suiteXmlPath: "C:\Java Selenium Workspace\OpencartV121\grouping.xml"
08:06:51:725 [main] INFO  org.testng.internal.Utils - [TestNG] Running:
  C:\Java Selenium Workspace\OpencartV121\grouping.xml

08:06:56:229 [main] INFO  testCases.TC001_AccountRegistrationTest - ***** Starting TC001_AccountRegistrationTest ******
08:06:56:471 [main] INFO  testCases.TC001_AccountRegistrationTest - Clicked on MyAccount Link 
08:06:57:391 [main] INFO  testCases.TC001_AccountRegistrationTest - Clicked on Register Link 
08:06:57:402 [main] INFO  testCases.TC001_AccountRegistrationTest - Providing customer details....
08:07:00:462 [main] INFO  testCases.TC001_AccountRegistrationTest - Validating exepected message...
08:07:00:522 [main] INFO  testCases.TC001_AccountRegistrationTest - ***** Finished TC001_AccountRegistrationTest ******
08:07:06:904 [main] INFO  testCases.TC002_LoginTest - ******* Starting TC002_LoginTest *******
08:07:46:156 [main] DEBUG org.testng.TestNG - suiteXmlPath: "C:\Java Selenium Workspace\OpencartV121\grouping.xml"
08:07:46:679 [main] INFO  org.testng.internal.Utils - [TestNG] Running:
  C:\Java Selenium Workspace\OpencartV121\grouping.xml

08:07:50:787 [main] INFO  testCases.TC001_AccountRegistrationTest - ***** Starting TC001_AccountRegistrationTest ******
08:07:51:011 [main] INFO  testCases.TC001_AccountRegistrationTest - Clicked on MyAccount Link 
08:07:51:845 [main] INFO  testCases.TC001_AccountRegistrationTest - Clicked on Register Link 
08:07:51:854 [main] INFO  testCases.TC001_AccountRegistrationTest - Providing customer details....
08:07:55:001 [main] INFO  testCases.TC001_AccountRegistrationTest - Validating exepected message...
08:07:55:059 [main] INFO  testCases.TC001_AccountRegistrationTest - ***** Finished TC001_AccountRegistrationTest ******
08:08:01:271 [main] INFO  testCases.TC002_LoginTest - ******* Starting TC002_LoginTest *******
08:08:03:926 [main] INFO  testCases.TC002_LoginTest - ******* Finished TC002_LoginTest *******
08:09:12:220 [main] DEBUG org.testng.TestNG - suiteXmlPath: "C:\Java Selenium Workspace\OpencartV121\grouping.xml"
08:09:12:662 [main] INFO  org.testng.internal.Utils - [TestNG] Running:
  C:\Java Selenium Workspace\OpencartV121\grouping.xml

08:09:17:088 [main] INFO  testCases.TC001_AccountRegistrationTest - ***** Starting TC001_AccountRegistrationTest ******
08:09:17:332 [main] INFO  testCases.TC001_AccountRegistrationTest - Clicked on MyAccount Link 
08:09:18:071 [main] INFO  testCases.TC001_AccountRegistrationTest - Clicked on Register Link 
08:09:18:080 [main] INFO  testCases.TC001_AccountRegistrationTest - Providing customer details....
08:09:21:647 [main] INFO  testCases.TC001_AccountRegistrationTest - Validating exepected message...
08:09:21:710 [main] INFO  testCases.TC001_AccountRegistrationTest - ***** Finished TC001_AccountRegistrationTest ******
08:09:27:930 [main] INFO  testCases.TC002_LoginTest - ******* Starting TC002_LoginTest *******
08:09:30:106 [main] INFO  testCases.TC002_LoginTest - ******* Finished TC002_LoginTest *******
09:45:23:017 [main] DEBUG org.testng.TestNG - suiteXmlPath: "C:\Java Selenium Workspace\OpencartV121\master.xml"
09:45:23:498 [main] INFO  org.testng.internal.Utils - [TestNG] Running:
  C:\Java Selenium Workspace\OpencartV121\master.xml

09:45:32:108 [main] DEBUG org.apache.poi.openxml4j.opc.PackageRelationshipCollection - Parsing relationship: /xl/_rels/workbook.xml.rels
09:45:32:124 [main] DEBUG org.apache.poi.openxml4j.opc.PackageRelationshipCollection - Parsing relationship: /xl/worksheets/_rels/sheet1.xml.rels
09:45:32:140 [main] DEBUG org.apache.poi.openxml4j.opc.PackageRelationshipCollection - Parsing relationship: /_rels/.rels
09:45:32:919 [main] DEBUG org.apache.poi.ooxml.POIXMLFactory - using default POIXMLDocumentPart for http://schemas.openxmlformats.org/officeDocument/2006/relationships/printerSettings
09:45:33:090 [main] DEBUG org.apache.poi.openxml4j.opc.PackageRelationshipCollection - Parsing relationship: /xl/_rels/workbook.xml.rels
09:45:33:092 [main] DEBUG org.apache.poi.openxml4j.opc.PackageRelationshipCollection - Parsing relationship: /xl/worksheets/_rels/sheet1.xml.rels
09:45:33:095 [main] DEBUG org.apache.poi.openxml4j.opc.PackageRelationshipCollection - Parsing relationship: /_rels/.rels
09:45:33:120 [main] DEBUG org.apache.poi.ooxml.POIXMLFactory - using default POIXMLDocumentPart for http://schemas.openxmlformats.org/officeDocument/2006/relationships/printerSettings
09:45:33:141 [main] DEBUG org.apache.poi.openxml4j.opc.PackageRelationshipCollection - Parsing relationship: /xl/_rels/workbook.xml.rels
09:45:33:142 [main] DEBUG org.apache.poi.openxml4j.opc.PackageRelationshipCollection - Parsing relationship: /xl/worksheets/_rels/sheet1.xml.rels
09:45:33:144 [main] DEBUG org.apache.poi.openxml4j.opc.PackageRelationshipCollection - Parsing relationship: /_rels/.rels
09:45:33:164 [main] DEBUG org.apache.poi.ooxml.POIXMLFactory - using default POIXMLDocumentPart for http://schemas.openxmlformats.org/officeDocument/2006/relationships/printerSettings
09:45:33:203 [main] DEBUG org.apache.poi.openxml4j.opc.PackageRelationshipCollection - Parsing relationship: /xl/_rels/workbook.xml.rels
09:45:33:204 [main] DEBUG org.apache.poi.openxml4j.opc.PackageRelationshipCollection - Parsing relationship: /xl/worksheets/_rels/sheet1.xml.rels
09:45:33:206 [main] DEBUG org.apache.poi.openxml4j.opc.PackageRelationshipCollection - Parsing relationship: /_rels/.rels
09:45:33:224 [main] DEBUG org.apache.poi.ooxml.POIXMLFactory - using default POIXMLDocumentPart for http://schemas.openxmlformats.org/officeDocument/2006/relationships/printerSettings
09:45:33:247 [main] DEBUG org.apache.poi.openxml4j.opc.PackageRelationshipCollection - Parsing relationship: /xl/_rels/workbook.xml.rels
09:45:33:249 [main] DEBUG org.apache.poi.openxml4j.opc.PackageRelationshipCollection - Parsing relationship: /xl/worksheets/_rels/sheet1.xml.rels
09:45:33:250 [main] DEBUG org.apache.poi.openxml4j.opc.PackageRelationshipCollection - Parsing relationship: /_rels/.rels
09:45:33:266 [main] DEBUG org.apache.poi.ooxml.POIXMLFactory - using default POIXMLDocumentPart for http://schemas.openxmlformats.org/officeDocument/2006/relationships/printerSettings
09:45:33:288 [main] DEBUG org.apache.poi.openxml4j.opc.PackageRelationshipCollection - Parsing relationship: /xl/_rels/workbook.xml.rels
09:45:33:289 [main] DEBUG org.apache.poi.openxml4j.opc.PackageRelationshipCollection - Parsing relationship: /xl/worksheets/_rels/sheet1.xml.rels
09:45:33:291 [main] DEBUG org.apache.poi.openxml4j.opc.PackageRelationshipCollection - Parsing relationship: /_rels/.rels
09:45:33:304 [main] DEBUG org.apache.poi.ooxml.POIXMLFactory - using default POIXMLDocumentPart for http://schemas.openxmlformats.org/officeDocument/2006/relationships/printerSettings
09:45:33:322 [main] DEBUG org.apache.poi.openxml4j.opc.PackageRelationshipCollection - Parsing relationship: /xl/_rels/workbook.xml.rels
09:45:33:323 [main] DEBUG org.apache.poi.openxml4j.opc.PackageRelationshipCollection - Parsing relationship: /xl/worksheets/_rels/sheet1.xml.rels
09:45:33:325 [main] DEBUG org.apache.poi.openxml4j.opc.PackageRelationshipCollection - Parsing relationship: /_rels/.rels
09:45:33:342 [main] DEBUG org.apache.poi.ooxml.POIXMLFactory - using default POIXMLDocumentPart for http://schemas.openxmlformats.org/officeDocument/2006/relationships/printerSettings
09:45:33:362 [main] DEBUG org.apache.poi.openxml4j.opc.PackageRelationshipCollection - Parsing relationship: /xl/_rels/workbook.xml.rels
09:45:33:363 [main] DEBUG org.apache.poi.openxml4j.opc.PackageRelationshipCollection - Parsing relationship: /xl/worksheets/_rels/sheet1.xml.rels
09:45:33:365 [main] DEBUG org.apache.poi.openxml4j.opc.PackageRelationshipCollection - Parsing relationship: /_rels/.rels
09:45:33:380 [main] DEBUG org.apache.poi.ooxml.POIXMLFactory - using default POIXMLDocumentPart for http://schemas.openxmlformats.org/officeDocument/2006/relationships/printerSettings
09:45:33:401 [main] DEBUG org.apache.poi.openxml4j.opc.PackageRelationshipCollection - Parsing relationship: /xl/_rels/workbook.xml.rels
09:45:33:403 [main] DEBUG org.apache.poi.openxml4j.opc.PackageRelationshipCollection - Parsing relationship: /xl/worksheets/_rels/sheet1.xml.rels
09:45:33:405 [main] DEBUG org.apache.poi.openxml4j.opc.PackageRelationshipCollection - Parsing relationship: /_rels/.rels
09:45:33:420 [main] DEBUG org.apache.poi.ooxml.POIXMLFactory - using default POIXMLDocumentPart for http://schemas.openxmlformats.org/officeDocument/2006/relationships/printerSettings
09:45:33:438 [main] DEBUG org.apache.poi.openxml4j.opc.PackageRelationshipCollection - Parsing relationship: /xl/_rels/workbook.xml.rels
09:45:33:440 [main] DEBUG org.apache.poi.openxml4j.opc.PackageRelationshipCollection - Parsing relationship: /xl/worksheets/_rels/sheet1.xml.rels
09:45:33:442 [main] DEBUG org.apache.poi.openxml4j.opc.PackageRelationshipCollection - Parsing relationship: /_rels/.rels
09:45:33:460 [main] DEBUG org.apache.poi.ooxml.POIXMLFactory - using default POIXMLDocumentPart for http://schemas.openxmlformats.org/officeDocument/2006/relationships/printerSettings
09:45:33:478 [main] DEBUG org.apache.poi.openxml4j.opc.PackageRelationshipCollection - Parsing relationship: /xl/_rels/workbook.xml.rels
09:45:33:479 [main] DEBUG org.apache.poi.openxml4j.opc.PackageRelationshipCollection - Parsing relationship: /xl/worksheets/_rels/sheet1.xml.rels
09:45:33:481 [main] DEBUG org.apache.poi.openxml4j.opc.PackageRelationshipCollection - Parsing relationship: /_rels/.rels
09:45:33:496 [main] DEBUG org.apache.poi.ooxml.POIXMLFactory - using default POIXMLDocumentPart for http://schemas.openxmlformats.org/officeDocument/2006/relationships/printerSettings
09:45:33:514 [main] DEBUG org.apache.poi.openxml4j.opc.PackageRelationshipCollection - Parsing relationship: /xl/_rels/workbook.xml.rels
09:45:33:515 [main] DEBUG org.apache.poi.openxml4j.opc.PackageRelationshipCollection - Parsing relationship: /xl/worksheets/_rels/sheet1.xml.rels
09:45:33:517 [main] DEBUG org.apache.poi.openxml4j.opc.PackageRelationshipCollection - Parsing relationship: /_rels/.rels
09:45:33:531 [main] DEBUG org.apache.poi.ooxml.POIXMLFactory - using default POIXMLDocumentPart for http://schemas.openxmlformats.org/officeDocument/2006/relationships/printerSettings
09:45:33:549 [main] DEBUG org.apache.poi.openxml4j.opc.PackageRelationshipCollection - Parsing relationship: /xl/_rels/workbook.xml.rels
09:45:33:550 [main] DEBUG org.apache.poi.openxml4j.opc.PackageRelationshipCollection - Parsing relationship: /xl/worksheets/_rels/sheet1.xml.rels
09:45:33:551 [main] DEBUG org.apache.poi.openxml4j.opc.PackageRelationshipCollection - Parsing relationship: /_rels/.rels
09:45:33:573 [main] DEBUG org.apache.poi.ooxml.POIXMLFactory - using default POIXMLDocumentPart for http://schemas.openxmlformats.org/officeDocument/2006/relationships/printerSettings
09:45:33:592 [main] DEBUG org.apache.poi.openxml4j.opc.PackageRelationshipCollection - Parsing relationship: /xl/_rels/workbook.xml.rels
09:45:33:594 [main] DEBUG org.apache.poi.openxml4j.opc.PackageRelationshipCollection - Parsing relationship: /xl/worksheets/_rels/sheet1.xml.rels
09:45:33:595 [main] DEBUG org.apache.poi.openxml4j.opc.PackageRelationshipCollection - Parsing relationship: /_rels/.rels
09:45:33:605 [main] DEBUG org.apache.poi.ooxml.POIXMLFactory - using default POIXMLDocumentPart for http://schemas.openxmlformats.org/officeDocument/2006/relationships/printerSettings
09:45:33:627 [main] DEBUG org.apache.poi.openxml4j.opc.PackageRelationshipCollection - Parsing relationship: /xl/_rels/workbook.xml.rels
09:45:33:629 [main] DEBUG org.apache.poi.openxml4j.opc.PackageRelationshipCollection - Parsing relationship: /xl/worksheets/_rels/sheet1.xml.rels
09:45:33:630 [main] DEBUG org.apache.poi.openxml4j.opc.PackageRelationshipCollection - Parsing relationship: /_rels/.rels
09:45:33:736 [main] DEBUG org.apache.poi.ooxml.POIXMLFactory - using default POIXMLDocumentPart for http://schemas.openxmlformats.org/officeDocument/2006/relationships/printerSettings
09:45:33:792 [main] DEBUG org.apache.poi.openxml4j.opc.PackageRelationshipCollection - Parsing relationship: /xl/_rels/workbook.xml.rels
09:45:33:794 [main] DEBUG org.apache.poi.openxml4j.opc.PackageRelationshipCollection - Parsing relationship: /xl/worksheets/_rels/sheet1.xml.rels
09:45:33:798 [main] DEBUG org.apache.poi.openxml4j.opc.PackageRelationshipCollection - Parsing relationship: /_rels/.rels
09:45:33:827 [main] DEBUG org.apache.poi.ooxml.POIXMLFactory - using default POIXMLDocumentPart for http://schemas.openxmlformats.org/officeDocument/2006/relationships/printerSettings
09:45:33:868 [main] DEBUG org.apache.poi.openxml4j.opc.PackageRelationshipCollection - Parsing relationship: /xl/_rels/workbook.xml.rels
09:45:33:870 [main] DEBUG org.apache.poi.openxml4j.opc.PackageRelationshipCollection - Parsing relationship: /xl/worksheets/_rels/sheet1.xml.rels
09:45:33:871 [main] DEBUG org.apache.poi.openxml4j.opc.PackageRelationshipCollection - Parsing relationship: /_rels/.rels
09:45:33:884 [main] DEBUG org.apache.poi.ooxml.POIXMLFactory - using default POIXMLDocumentPart for http://schemas.openxmlformats.org/officeDocument/2006/relationships/printerSettings
09:45:33:951 [main] INFO  testCases.TC003_LoginDDT - ********* Starting TC003_LoginDDT *********
09:45:38:018 [main] INFO  testCases.TC003_LoginDDT - ********* Finished TC003_LoginDDT *********
09:45:38:051 [main] INFO  testCases.TC003_LoginDDT - ********* Starting TC003_LoginDDT *********
09:45:41:187 [main] INFO  testCases.TC003_LoginDDT - ********* Finished TC003_LoginDDT *********
09:45:41:209 [main] INFO  testCases.TC003_LoginDDT - ********* Starting TC003_LoginDDT *********
09:45:44:560 [main] INFO  testCases.TC003_LoginDDT - ********* Starting TC003_LoginDDT *********
09:45:56:985 [main] INFO  testCases.TC003_LoginDDT - ********* Finished TC003_LoginDDT *********
09:45:57:000 [main] INFO  testCases.TC003_LoginDDT - ********* Starting TC003_LoginDDT *********
09:45:59:858 [main] INFO  testCases.TC003_LoginDDT - ********* Finished TC003_LoginDDT *********
09:48:16:001 [main] DEBUG org.testng.TestNG - suiteXmlPath: "C:\Java Selenium Workspace\OpencartV121\master.xml"
09:48:16:446 [main] INFO  org.testng.internal.Utils - [TestNG] Running:
  C:\Java Selenium Workspace\OpencartV121\master.xml

09:48:20:980 [main] INFO  testCases.TC001_AccountRegistrationTest - ***** Starting TC001_AccountRegistrationTest ******
09:48:21:303 [main] INFO  testCases.TC001_AccountRegistrationTest - Clicked on MyAccount Link 
09:48:22:180 [main] INFO  testCases.TC001_AccountRegistrationTest - Clicked on Register Link 
09:48:22:187 [main] INFO  testCases.TC001_AccountRegistrationTest - Providing customer details....
09:48:25:193 [main] INFO  testCases.TC001_AccountRegistrationTest - Validating exepected message...
09:48:25:247 [main] INFO  testCases.TC001_AccountRegistrationTest - ***** Finished TC001_AccountRegistrationTest ******
09:48:31:820 [main] INFO  testCases.TC002_LoginTest - ******* Starting TC002_LoginTest *******
09:48:34:458 [main] INFO  testCases.TC002_LoginTest - ******* Finished TC002_LoginTest *******
09:50:25:330 [main] DEBUG org.testng.TestNG - suiteXmlPath: "C:\Java Selenium Workspace\OpencartV121\master.xml"
09:50:25:778 [main] INFO  org.testng.internal.Utils - [TestNG] Running:
  C:\Java Selenium Workspace\OpencartV121\master.xml

09:55:48:925 [main] DEBUG org.testng.TestNG - suiteXmlPath: "C:\Java Selenium Workspace\OpencartV121\master.xml"
09:55:49:357 [main] INFO  org.testng.internal.Utils - [TestNG] Running:
  C:\Java Selenium Workspace\OpencartV121\master.xml

09:57:10:790 [main] DEBUG org.testng.TestNG - suiteXmlPath: "C:\Java Selenium Workspace\OpencartV121\master.xml"
09:57:11:326 [main] INFO  org.testng.internal.Utils - [TestNG] Running:
  C:\Java Selenium Workspace\OpencartV121\master.xml

09:57:17:109 [main] INFO  testCases.TC001_AccountRegistrationTest - ***** Starting TC001_AccountRegistrationTest ******
09:57:17:462 [main] INFO  testCases.TC001_AccountRegistrationTest - Clicked on MyAccount Link 
09:57:18:187 [main] INFO  testCases.TC001_AccountRegistrationTest - Clicked on Register Link 
09:57:18:199 [main] INFO  testCases.TC001_AccountRegistrationTest - Providing customer details....
09:57:21:932 [main] INFO  testCases.TC001_AccountRegistrationTest - Validating exepected message...
09:57:22:026 [main] INFO  testCases.TC001_AccountRegistrationTest - ***** Finished TC001_AccountRegistrationTest ******
09:57:28:786 [main] INFO  testCases.TC002_LoginTest - ******* Starting TC002_LoginTest *******
09:57:31:679 [main] INFO  testCases.TC002_LoginTest - ******* Finished TC002_LoginTest *******
09:58:03:986 [main] DEBUG org.testng.TestNG - suiteXmlPath: "C:\Java Selenium Workspace\OpencartV121\master.xml"
09:58:04:411 [main] INFO  org.testng.internal.Utils - [TestNG] Running:
  C:\Java Selenium Workspace\OpencartV121\master.xml

09:58:08:673 [main] INFO  testCases.TC001_AccountRegistrationTest - ***** Starting TC001_AccountRegistrationTest ******
09:58:08:915 [main] INFO  testCases.TC001_AccountRegistrationTest - Clicked on MyAccount Link 
09:58:09:477 [main] INFO  testCases.TC001_AccountRegistrationTest - Clicked on Register Link 
09:58:09:486 [main] INFO  testCases.TC001_AccountRegistrationTest - Providing customer details....
09:58:12:259 [main] INFO  testCases.TC001_AccountRegistrationTest - Validating exepected message...
09:58:12:334 [main] INFO  testCases.TC001_AccountRegistrationTest - ***** Finished TC001_AccountRegistrationTest ******
09:58:19:134 [main] INFO  testCases.TC002_LoginTest - ******* Starting TC002_LoginTest *******
09:58:21:671 [main] INFO  testCases.TC002_LoginTest - ******* Finished TC002_LoginTest *******
09:59:27:982 [main] DEBUG org.testng.TestNG - suiteXmlPath: "C:\Java Selenium Workspace\OpencartV121\crossbrowsertesting.xml"
09:59:28:408 [main] INFO  org.testng.internal.Utils - [TestNG] Running:
  C:\Java Selenium Workspace\OpencartV121\crossbrowsertesting.xml

09:59:29:021 [TestNG-tests-3] INFO  testCases.TC001_AccountRegistrationTest - ***** Starting TC001_AccountRegistrationTest ******
09:59:39:425 [TestNG-tests-2] INFO  testCases.TC001_AccountRegistrationTest - ***** Starting TC001_AccountRegistrationTest ******
09:59:39:633 [TestNG-tests-2] INFO  testCases.TC001_AccountRegistrationTest - Clicked on MyAccount Link 
09:59:40:498 [TestNG-tests-2] INFO  testCases.TC001_AccountRegistrationTest - Clicked on Register Link 
09:59:40:502 [TestNG-tests-2] INFO  testCases.TC001_AccountRegistrationTest - Providing customer details....
09:59:43:756 [TestNG-tests-2] INFO  testCases.TC001_AccountRegistrationTest - Validating exepected message...
09:59:43:831 [TestNG-tests-2] INFO  testCases.TC001_AccountRegistrationTest - ***** Finished TC001_AccountRegistrationTest ******
07:54:34:926 [main] DEBUG org.testng.TestNG - suiteXmlPath: "C:\Java Selenium Workspace\OpencartV121\master.xml"
07:54:35:788 [main] INFO  org.testng.internal.Utils - [TestNG] Running:
  C:\Java Selenium Workspace\OpencartV121\master.xml

07:54:52:146 [main] INFO  testCases.TC001_AccountRegistrationTest - ***** Starting TC001_AccountRegistrationTest ******
07:54:52:578 [main] INFO  testCases.TC001_AccountRegistrationTest - Clicked on MyAccount Link 
07:54:53:605 [main] INFO  testCases.TC001_AccountRegistrationTest - Clicked on Register Link 
07:54:53:612 [main] INFO  testCases.TC001_AccountRegistrationTest - Providing customer details....
07:54:56:344 [main] INFO  testCases.TC001_AccountRegistrationTest - Validating exepected message...
07:54:56:418 [main] INFO  testCases.TC001_AccountRegistrationTest - ***** Finished TC001_AccountRegistrationTest ******
07:55:04:385 [main] INFO  testCases.TC002_LoginTest - ******* Starting TC002_LoginTest *******
07:55:09:068 [main] INFO  testCases.TC002_LoginTest - ******* Finished TC002_LoginTest *******
08:21:41:810 [main] DEBUG org.testng.TestNG - suiteXmlPath: "C:\Java Selenium Workspace\OpencartV121\master.xml"
08:21:46:603 [main] INFO  testCases.TC001_AccountRegistrationTest - ***** Starting TC001_AccountRegistrationTest ******
08:21:46:808 [main] INFO  testCases.TC001_AccountRegistrationTest - Clicked on MyAccount Link 
08:21:47:532 [main] INFO  testCases.TC001_AccountRegistrationTest - Clicked on Register Link 
08:21:47:536 [main] INFO  testCases.TC001_AccountRegistrationTest - Providing customer details....
08:21:50:325 [main] INFO  testCases.TC001_AccountRegistrationTest - Validating exepected message...
08:21:50:396 [main] INFO  testCases.TC001_AccountRegistrationTest - ***** Finished TC001_AccountRegistrationTest ******
08:21:56:748 [main] INFO  testCases.TC002_LoginTest - ******* Starting TC002_LoginTest *******
08:21:59:021 [main] INFO  testCases.TC002_LoginTest - ******* Finished TC002_LoginTest *******
08:22:41:713 [main] DEBUG org.testng.TestNG - suiteXmlPath: "C:\Java Selenium Workspace\OpencartV121\master.xml"
08:22:45:912 [main] INFO  testCases.TC001_AccountRegistrationTest - ***** Starting TC001_AccountRegistrationTest ******
08:22:46:113 [main] INFO  testCases.TC001_AccountRegistrationTest - Clicked on MyAccount Link 
08:22:46:646 [main] INFO  testCases.TC001_AccountRegistrationTest - Clicked on Register Link 
08:22:46:651 [main] INFO  testCases.TC001_AccountRegistrationTest - Providing customer details....
08:22:49:082 [main] INFO  testCases.TC001_AccountRegistrationTest - Validating exepected message...
08:22:49:141 [main] INFO  testCases.TC001_AccountRegistrationTest - ***** Finished TC001_AccountRegistrationTest ******
08:22:55:772 [main] INFO  testCases.TC002_LoginTest - ******* Starting TC002_LoginTest *******
08:22:57:939 [main] INFO  testCases.TC002_LoginTest - ******* Finished TC002_LoginTest *******
08:49:41:845 [main] DEBUG org.testng.TestNG - suiteXmlPath: "C:\Java Selenium Workspace\OpencartV121\master.xml"
08:49:46:565 [main] INFO  testCases.TC001_AccountRegistrationTest - ***** Starting TC001_AccountRegistrationTest ******
08:49:46:795 [main] INFO  testCases.TC001_AccountRegistrationTest - Clicked on MyAccount Link 
08:49:47:676 [main] INFO  testCases.TC001_AccountRegistrationTest - Clicked on Register Link 
08:49:47:683 [main] INFO  testCases.TC001_AccountRegistrationTest - Providing customer details....
08:49:49:765 [main] INFO  testCases.TC001_AccountRegistrationTest - Validating exepected message...
08:49:49:821 [main] INFO  testCases.TC001_AccountRegistrationTest - ***** Finished TC001_AccountRegistrationTest ******
08:49:56:154 [main] INFO  testCases.TC002_LoginTest - ******* Starting TC002_LoginTest *******
08:49:58:288 [main] INFO  testCases.TC002_LoginTest - ******* Finished TC002_LoginTest *******
08:51:13:622 [main] DEBUG org.testng.TestNG - suiteXmlPath: "C:\Java Selenium Workspace\OpencartV121\master.xml"
08:51:17:776 [main] INFO  testCases.TC001_AccountRegistrationTest - ***** Starting TC001_AccountRegistrationTest ******
08:51:17:976 [main] INFO  testCases.TC001_AccountRegistrationTest - Clicked on MyAccount Link 
08:51:18:577 [main] INFO  testCases.TC001_AccountRegistrationTest - Clicked on Register Link 
08:51:18:581 [main] INFO  testCases.TC001_AccountRegistrationTest - Providing customer details....
08:51:21:147 [main] INFO  testCases.TC001_AccountRegistrationTest - Validating exepected message...
08:51:21:225 [main] INFO  testCases.TC001_AccountRegistrationTest - ***** Finished TC001_AccountRegistrationTest ******
08:51:27:801 [main] INFO  testCases.TC002_LoginTest - ******* Starting TC002_LoginTest *******
08:51:30:187 [main] INFO  testCases.TC002_LoginTest - ******* Finished TC002_LoginTest *******
09:04:44:580 [main] DEBUG org.testng.TestNG - suiteXmlPath: "C:\Java Selenium Workspace\OpencartV121\master.xml"
09:04:52:168 [main] INFO  testCases.TC001_AccountRegistrationTest - ***** Starting TC001_AccountRegistrationTest ******
09:04:52:380 [main] INFO  testCases.TC001_AccountRegistrationTest - Clicked on MyAccount Link 
09:04:53:289 [main] INFO  testCases.TC001_AccountRegistrationTest - Clicked on Register Link 
09:04:53:294 [main] INFO  testCases.TC001_AccountRegistrationTest - Providing customer details....
09:04:55:578 [main] INFO  testCases.TC001_AccountRegistrationTest - Validating exepected message...
09:04:55:631 [main] INFO  testCases.TC001_AccountRegistrationTest - ***** Finished TC001_AccountRegistrationTest ******
09:05:02:127 [main] INFO  testCases.TC002_LoginTest - ******* Starting TC002_LoginTest *******
09:05:08:683 [main] INFO  testCases.TC002_LoginTest - ******* Finished TC002_LoginTest *******
09:05:53:421 [main] DEBUG org.testng.TestNG - suiteXmlPath: "C:\Java Selenium Workspace\OpencartV121\master.xml"
09:05:58:321 [main] INFO  testCases.TC001_AccountRegistrationTest - ***** Starting TC001_AccountRegistrationTest ******
09:05:58:571 [main] INFO  testCases.TC001_AccountRegistrationTest - Clicked on MyAccount Link 
09:05:59:506 [main] INFO  testCases.TC001_AccountRegistrationTest - Clicked on Register Link 
09:05:59:510 [main] INFO  testCases.TC001_AccountRegistrationTest - Providing customer details....
09:06:01:924 [main] INFO  testCases.TC001_AccountRegistrationTest - Validating exepected message...
09:06:01:998 [main] INFO  testCases.TC001_AccountRegistrationTest - ***** Finished TC001_AccountRegistrationTest ******
09:06:08:342 [main] INFO  testCases.TC002_LoginTest - ******* Starting TC002_LoginTest *******
09:06:10:613 [main] INFO  testCases.TC002_LoginTest - ******* Finished TC002_LoginTest *******
